# JRE version: OpenJDK Runtime Environment Zulu15.32+15-CA (15.0.3+3) (build 15.0.3+3)
# Java VM: OpenJDK 64-Bit Server VM Zulu15.32+15-CA (15.0.3+3, mixed mode, tiered, compressed oops, g1 gc, bsd-aarch64)
GC Precious Log:
 CPUs: 8 total, 8 available
 Memory: 8192M
 Large Page Support: Disabled
 NUMA Support: Disabled
 Compressed Oops: Enabled (Zero based)
 Heap Region Size: 1M
 Heap Min Capacity: 8M
 Heap Initial Capacity: 128M
 Heap Max Capacity: 2G
 Pre-touch: Disabled
 Parallel Workers: 8
 Concurrent Workers: 2
 Concurrent Refinement Workers: 8
 Periodic GC: Disabled
Heap:
 garbage-first heap   total 30720K, used 17543K [0x0000000740000000, 0x00000007c0000000)
  region size 1024K, 6 young (6144K), 2 survivors (2048K)
 Metaspace       used 37835K, capacity 38344K, committed 38608K, reserved 1083392K
  class space    used 4421K, capacity 4592K, committed 4640K, reserved 1048576K
GC Heap History (20 events):
Event: 0.289 GC heap before
{Heap before GC invocations=0 (full 0):
 garbage-first heap   total 131072K, used 22528K [0x0000000740000000, 0x00000007c0000000)
  region size 1024K, 23 young (23552K), 0 survivors (0K)
 Metaspace       used 13905K, capacity 14158K, committed 14336K, reserved 1062912K
  class space    used 1387K, capacity 1456K, committed 1536K, reserved 1048576K
}
Event: 0.292 GC heap after
{Heap after GC invocations=1 (full 0):
 garbage-first heap   total 131072K, used 4955K [0x0000000740000000, 0x00000007c0000000)
  region size 1024K, 3 young (3072K), 3 survivors (3072K)
 Metaspace       used 13905K, capacity 14158K, committed 14336K, reserved 1062912K
  class space    used 1387K, capacity 1456K, committed 1536K, reserved 1048576K
}
Event: 5.480 GC heap before
{Heap before GC invocations=1 (full 0):
 garbage-first heap   total 131072K, used 30555K [0x0000000740000000, 0x00000007c0000000)
  region size 1024K, 29 young (29696K), 3 survivors (3072K)
 Metaspace       used 20854K, capacity 21163K, committed 21296K, reserved 1069056K
  class space    used 2246K, capacity 2358K, committed 2432K, reserved 1048576K
}
Event: 5.482 GC heap after
{Heap after GC invocations=2 (full 0):
 garbage-first heap   total 131072K, used 6736K [0x0000000740000000, 0x00000007c0000000)
  region size 1024K, 2 young (2048K), 2 survivors (2048K)
 Metaspace       used 20854K, capacity 21163K, committed 21296K, reserved 1069056K
  class space    used 2246K, capacity 2358K, committed 2432K, reserved 1048576K
}
Event: 5.579 GC heap before
{Heap before GC invocations=3 (full 0):
 garbage-first heap   total 27648K, used 27216K [0x0000000740000000, 0x00000007c0000000)
  region size 1024K, 22 young (22528K), 2 survivors (2048K)
 Metaspace       used 24884K, capacity 25239K, committed 25392K, reserved 1071104K
  class space    used 2784K, capacity 2882K, committed 2944K, reserved 1048576K
}
Event: 5.581 GC heap after
{Heap after GC invocations=4 (full 0):
 garbage-first heap   total 30720K, used 8155K [0x0000000740000000, 0x00000007c0000000)
  region size 1024K, 3 young (3072K), 3 survivors (3072K)
 Metaspace       used 24884K, capacity 25239K, committed 25392K, reserved 1071104K
  class space    used 2784K, capacity 2882K, committed 2944K, reserved 1048576K
}
Event: 5.675 GC heap before
{Heap before GC invocations=4 (full 0):
 garbage-first heap   total 30720K, used 22491K [0x0000000740000000, 0x00000007c0000000)
  region size 1024K, 17 young (17408K), 3 survivors (3072K)
 Metaspace       used 26055K, capacity 26437K, committed 26544K, reserved 1073152K
  class space    used 2907K, capacity 3065K, committed 3072K, reserved 1048576K
}
Event: 5.678 GC heap after
{Heap after GC invocations=5 (full 0):
 garbage-first heap   total 30720K, used 9080K [0x0000000740000000, 0x00000007c0000000)
  region size 1024K, 3 young (3072K), 3 survivors (3072K)
 Metaspace       used 26055K, capacity 26437K, committed 26544K, reserved 1073152K
  class space    used 2907K, capacity 3065K, committed 3072K, reserved 1048576K
}
Event: 5.773 GC heap before
{Heap before GC invocations=5 (full 0):
 garbage-first heap   total 30720K, used 21368K [0x0000000740000000, 0x00000007c0000000)
  region size 1024K, 16 young (16384K), 3 survivors (3072K)
 Metaspace       used 27473K, capacity 27932K, committed 28080K, reserved 1075200K
  class space    used 3080K, capacity 3213K, committed 3328K, reserved 1048576K
}
Event: 5.776 GC heap after
{Heap after GC invocations=6 (full 0):
 garbage-first heap   total 30720K, used 9368K [0x0000000740000000, 0x00000007c0000000)
  region size 1024K, 1 young (1024K), 1 survivors (1024K)
 Metaspace       used 27473K, capacity 27932K, committed 28080K, reserved 1075200K
  class space    used 3080K, capacity 3213K, committed 3328K, reserved 1048576K
}
Event: 5.873 GC heap before
{Heap before GC invocations=6 (full 0):
 garbage-first heap   total 30720K, used 23704K [0x0000000740000000, 0x00000007c0000000)
  region size 1024K, 15 young (15360K), 1 survivors (1024K)
 Metaspace       used 29443K, capacity 29876K, committed 30128K, reserved 1075200K
  class space    used 3337K, capacity 3473K, committed 3584K, reserved 1048576K
}
Event: 5.875 GC heap after
{Heap after GC invocations=7 (full 0):
 garbage-first heap   total 30720K, used 10413K [0x0000000740000000, 0x00000007c0000000)
  region size 1024K, 2 young (2048K), 2 survivors (2048K)
 Metaspace       used 29443K, capacity 29876K, committed 30128K, reserved 1075200K
  class space    used 3337K, capacity 3473K, committed 3584K, reserved 1048576K
}
Event: 5.984 GC heap before
{Heap before GC invocations=7 (full 0):
 garbage-first heap   total 30720K, used 23725K [0x0000000740000000, 0x00000007c0000000)
  region size 1024K, 15 young (15360K), 2 survivors (2048K)
 Metaspace       used 32108K, capacity 32585K, committed 32816K, reserved 1079296K
  class space    used 3714K, capacity 3863K, committed 3968K, reserved 1048576K
}
Event: 5.988 GC heap after
{Heap after GC invocations=8 (full 0):
 garbage-first heap   total 30720K, used 11934K [0x0000000740000000, 0x00000007c0000000)
  region size 1024K, 2 young (2048K), 2 survivors (2048K)
 Metaspace       used 32108K, capacity 32585K, committed 32816K, reserved 1079296K
  class space    used 3714K, capacity 3863K, committed 3968K, reserved 1048576K
}
Event: 6.070 GC heap before
{Heap before GC invocations=8 (full 0):
 garbage-first heap   total 30720K, used 23198K [0x0000000740000000, 0x00000007c0000000)
  region size 1024K, 14 young (14336K), 2 survivors (2048K)
 Metaspace       used 34730K, capacity 35147K, committed 35376K, reserved 1081344K
  class space    used 3971K, capacity 4119K, committed 4224K, reserved 1048576K
}
Event: 6.073 GC heap after
{Heap after GC invocations=9 (full 0):
 garbage-first heap   total 30720K, used 12977K [0x0000000740000000, 0x00000007c0000000)
  region size 1024K, 2 young (2048K), 2 survivors (2048K)
 Metaspace       used 34730K, capacity 35147K, committed 35376K, reserved 1081344K
  class space    used 3971K, capacity 4119K, committed 4224K, reserved 1048576K
}
Event: 6.104 GC heap before
{Heap before GC invocations=9 (full 0):
 garbage-first heap   total 30720K, used 16049K [0x0000000740000000, 0x00000007c0000000)
  region size 1024K, 6 young (6144K), 2 survivors (2048K)
 Metaspace       used 35478K, capacity 35878K, committed 35920K, reserved 1081344K
  class space    used 4084K, capacity 4232K, committed 4256K, reserved 1048576K
}
Event: 6.106 GC heap after
{Heap after GC invocations=10 (full 0):
 garbage-first heap   total 30720K, used 13594K [0x0000000740000000, 0x00000007c0000000)
  region size 1024K, 1 young (1024K), 1 survivors (1024K)
 Metaspace       used 35478K, capacity 35878K, committed 35920K, reserved 1081344K
  class space    used 4084K, capacity 4232K, committed 4256K, reserved 1048576K
}
Event: 6.200 GC heap before
{Heap before GC invocations=11 (full 0):
 garbage-first heap   total 30720K, used 22810K [0x0000000740000000, 0x00000007c0000000)
  region size 1024K, 11 young (11264K), 1 survivors (1024K)
 Metaspace       used 37079K, capacity 37661K, committed 37840K, reserved 1083392K
  class space    used 4322K, capacity 4515K, committed 4640K, reserved 1048576K
}
Event: 6.202 GC heap after
{Heap after GC invocations=12 (full 0):
 garbage-first heap   total 30720K, used 14471K [0x0000000740000000, 0x00000007c0000000)
  region size 1024K, 2 young (2048K), 2 survivors (2048K)
 Metaspace       used 37079K, capacity 37661K, committed 37840K, reserved 1083392K
  class space    used 4322K, capacity 4515K, committed 4640K, reserved 1048576K
}

